{"C:\\Users\\user\\Documents\\Yeison\\Platzi\\Curso Jest\\jsBase\\src\\index.js": {"path":"C:\\Users\\user\\Documents\\Yeison\\Platzi\\Curso Jest\\jsBase\\src\\index.js","statementMap":{"0":{"start":{"line":3,"column":15},"end":{"line":3,"column":70}},"1":{"start":{"line":5,"column":21},"end":{"line":8,"column":1}},"2":{"start":{"line":6,"column":19},"end":{"line":6,"column":68}},"3":{"start":{"line":7,"column":4},"end":{"line":7,"column":17}},"4":{"start":{"line":10,"column":23},"end":{"line":17,"column":1}},"5":{"start":{"line":11,"column":4},"end":{"line":16,"column":6}},"6":{"start":{"line":12,"column":8},"end":{"line":14,"column":9}},"7":{"start":{"line":13,"column":12},"end":{"line":13,"column":34}},"8":{"start":{"line":15,"column":8},"end":{"line":15,"column":49}},"9":{"start":{"line":20,"column":0},"end":{"line":20,"column":29}}},"fnMap":{"0":{"name":"(anonymous_0)","decl":{"start":{"line":5,"column":21},"end":{"line":5,"column":22}},"loc":{"start":{"line":5,"column":27},"end":{"line":8,"column":1}},"line":5},"1":{"name":"(anonymous_1)","decl":{"start":{"line":10,"column":23},"end":{"line":10,"column":24}},"loc":{"start":{"line":10,"column":32},"end":{"line":17,"column":1}},"line":10},"2":{"name":"(anonymous_2)","decl":{"start":{"line":11,"column":23},"end":{"line":11,"column":24}},"loc":{"start":{"line":11,"column":44},"end":{"line":16,"column":5}},"line":11}},"branchMap":{"0":{"loc":{"start":{"line":12,"column":8},"end":{"line":14,"column":9}},"type":"if","locations":[{"start":{"line":12,"column":8},"end":{"line":14,"column":9}},{"start":{"line":12,"column":8},"end":{"line":14,"column":9}}],"line":12}},"s":{"0":1,"1":1,"2":2,"3":2,"4":1,"5":0,"6":0,"7":0,"8":0,"9":1},"f":{"0":2,"1":0,"2":0},"b":{"0":[0,0]},"_coverageSchema":"1a1c01bbd47fc00a2c39e90264f33305004495a9","hash":"02848c04e09bec73f4a2e49d67037689b0cde156"}
}
